<?xml version="1.0" encoding="UTF-8"?>
<!-- Generated by org.testng.reporters.JUnitReportReporter -->
<testsuite hostname="DORADO-PC" failures="0" tests="1" name="testScript.AddToCartTest" time="16.781" errors="0" timestamp="2023-05-26T09:25:11 IST" skipped="0">
  <testcase classname="testScript.AddToCartTest" name="addToCartTest" time="16.781"/>
  <system-out/>
</testsuite> <!-- testScript.AddToCartTest -->
