<?xml version="1.0" encoding="UTF-8"?>
<!-- Generated by org.testng.reporters.JUnitReportReporter -->
<testsuite hostname="DORADO-PC" failures="0" tests="1" name="testScript.AddTestingCourseToMyCartTest" time="26.637" errors="0" timestamp="2023-05-26T09:24:35 IST" skipped="0">
  <testcase classname="testScript.AddTestingCourseToMyCartTest" name="addPythonToMyCart" time="26.637"/>
  <system-out/>
</testsuite> <!-- testScript.AddTestingCourseToMyCartTest -->
